<?xml version="1.0" encoding="UTF-8"?>
<testng-results total="1" passed="1" failed="0" skipped="0">
  <reporter-output>
  </reporter-output>
  <suite started-at="2021-02-22T23:41:21Z" name="Banking" finished-at="2021-02-22T23:42:22Z" duration-ms="61023">
    <groups>
    </groups>
    <test started-at="2021-02-22T23:41:21Z" name="Banking Login TestCase" finished-at="2021-02-22T23:42:22Z" duration-ms="61023">
      <class name="com.Banking.TestCase.TC_NewCustomer_003">
        <test-method is-config="true" signature="setup(java.lang.String)[pri:0, instance:com.Banking.TestCase.TC_NewCustomer_003@214b199c]" started-at="2021-02-22T15:41:22Z" name="setup" finished-at="2021-02-22T15:41:48Z" duration-ms="25845" status="PASS">
          <params>
            <param index="0">
              <value>
                <![CDATA[chrome]]>
              </value>
            </param>
          </params>
          <reporter-output>
          </reporter-output>
        </test-method> <!-- setup -->
        <test-method signature="addNewCustomer()[pri:0, instance:com.Banking.TestCase.TC_NewCustomer_003@214b199c]" started-at="2021-02-22T15:41:48Z" name="addNewCustomer" finished-at="2021-02-22T15:42:21Z" duration-ms="33057" status="PASS">
          <reporter-output>
          </reporter-output>
        </test-method> <!-- addNewCustomer -->
        <test-method is-config="true" signature="teardown()[pri:0, instance:com.Banking.TestCase.TC_NewCustomer_003@214b199c]" started-at="2021-02-22T15:42:21Z" name="teardown" finished-at="2021-02-22T15:42:22Z" duration-ms="1363" status="PASS">
          <reporter-output>
          </reporter-output>
        </test-method> <!-- teardown -->
      </class> <!-- com.Banking.TestCase.TC_NewCustomer_003 -->
    </test> <!-- Banking Login TestCase -->
  </suite> <!-- Banking -->
</testng-results>
